2025-08-23 18:10:09,961 - __main__ - ERROR - Database initialization error: DataAccessLayer.__init__() missing 1 required positional argument: 'db_path'
2025-08-23 18:10:45,156 - __main__ - INFO - Database connection successful
2025-08-23 18:10:45,187 - __main__ - ERROR - Failed to launch application: cannot import name 'QTimer' from 'PyQt6.QtWidgets' (/workspace/.venv/lib/python3.12/site-packages/PyQt6/QtWidgets.abi3.so)
2025-08-23 18:15:45,122 - __main__ - INFO - Database connection successful
2025-08-23 18:27:09,012 - __main__ - INFO - Database connection successful
2025-08-23 18:27:09,048 - __main__ - ERROR - Failed to launch application: type object 'ApplicationAttribute' has no attribute 'AA_EnableHighDpiScaling'
2025-08-23 18:27:33,815 - __main__ - INFO - Database connection successful
2025-08-23 18:28:16,612 - __main__ - INFO - Database connection successful
2025-08-23 18:31:02,824 - __main__ - INFO - Database connection successful
2025-08-23 18:34:34,886 - __main__ - INFO - Database connection successful
2025-08-23 18:38:53,990 - __main__ - INFO - Database connection successful
2025-08-23 19:07:43,480 - __main__ - ERROR - Headless test error: 'utf-8' codec can't encode characters in position 1-2: surrogates not allowed
2025-08-23 19:08:52,682 - __main__ - ERROR - Headless test error: 'utf-8' codec can't encode characters in position 1-2: surrogates not allowed
2025-08-23 19:10:29,784 - __main__ - INFO - Database connection successful
2025-08-23 19:43:37,202 - __main__ - INFO - Database connection successful
2025-08-23 21:24:11,070 - __main__ - INFO - Database connection successful
2025-08-23 21:24:37,667 - __main__ - INFO - Database connection successful
2025-08-23 21:24:37,707 - __main__ - INFO - Starting SCALE System application
2025-08-23 21:24:37,740 - __main__ - ERROR - Failed to launch application: 'MainWindow' object has no attribute 'setup_status_bar'
2025-08-23 21:25:40,861 - __main__ - INFO - Database connection successful
2025-08-23 21:25:40,912 - __main__ - INFO - Starting SCALE System application
2025-08-23 20:32:32,718 - __main__ - INFO - Created directory: reports
2025-08-23 20:32:32,817 - __main__ - INFO - Database connection successful
2025-08-23 20:32:33,118 - __main__ - INFO - Starting SCALE System application
2025-08-23 20:32:39,890 - __main__ - INFO - Application started successfully
2025-08-23 20:33:18,240 - __main__ - INFO - Application exited with code: 0
2025-09-02 17:45:08,295 - __main__ - INFO - Database connection successful
2025-09-02 17:45:08,410 - __main__ - INFO - Starting SCALE System application
2025-09-02 17:45:11,669 - __main__ - INFO - Application started successfully
2025-09-02 17:46:17,804 - __main__ - INFO - Application exited with code: 0
2025-09-03 07:22:41,043 - __main__ - INFO - Database connection successful
2025-09-03 07:22:41,409 - __main__ - INFO - Starting SCALE System application
2025-09-03 07:22:47,635 - __main__ - INFO - Application started successfully
2025-09-03 07:22:52,431 - __main__ - INFO - Application exited with code: 0
